# JRE version: Java(TM) SE Runtime Environment (7.0_40-b43) (build 1.7.0_40-b43)
# Java VM: Java HotSpot(TM) 64-Bit Server VM (24.0-b56 mixed mode windows-amd64 compressed oops)
Heap
 PSYoungGen      total 327168K, used 294228K [0x00000000eb680000, 0x00000000fff80000, 0x0000000100000000)
  eden space 318464K, 91% used [0x00000000eb680000,0x00000000fd2f9b00,0x00000000fed80000)
  from space 8704K, 33% used [0x00000000ff700000,0x00000000ff9db890,0x00000000fff80000)
  to   space 9216K, 0% used [0x00000000fed80000,0x00000000fed80000,0x00000000ff680000)
 ParOldGen       total 41984K, used 31131K [0x00000000c2400000, 0x00000000c4d00000, 0x00000000eb680000)
  object space 41984K, 74% used [0x00000000c2400000,0x00000000c4266d08,0x00000000c4d00000)
 PSPermGen       total 21504K, used 7155K [0x00000000bd200000, 0x00000000be700000, 0x00000000c2400000)
  object space 21504K, 33% used [0x00000000bd200000,0x00000000bd8fce10,0x00000000be700000)
GC Heap History (10 events):
Event: 2.311 GC heap before
{Heap before GC invocations=12 (full 0):
 PSYoungGen      total 218112K, used 212462K [0x00000000eb680000, 0x00000000fff00000, 0x0000000100000000)
  eden space 209920K, 100% used [0x00000000eb680000,0x00000000f8380000,0x00000000f8380000)
  from space 8192K, 31% used [0x00000000f8380000,0x00000000f85fb890,0x00000000f8b80000)
  to   space 7680K, 0% used [0x00000000ff780000,0x00000000ff780000,0x00000000fff00000)
 ParOldGen       total 41984K, used 15395K [0x00000000c2400000, 0x00000000c4d00000, 0x00000000eb680000)
  object space 41984K, 36% used [0x00000000c2400000,0x00000000c3308cf8,0x00000000c4d00000)
 PSPermGen       total 21504K, used 6713K [0x00000000bd200000, 0x00000000be700000, 0x00000000c2400000)
  object space 21504K, 31% used [0x00000000bd200000,0x00000000bd88e608,0x00000000be700000)
Event: 2.314 GC heap after
Heap after GC invocations=12 (full 0):
 PSYoungGen      total 328704K, used 1806K [0x00000000eb680000, 0x00000000fff80000, 0x0000000100000000)
  eden space 321024K, 0% used [0x00000000eb680000,0x00000000eb680000,0x00000000ff000000)
  from space 7680K, 23% used [0x00000000ff780000,0x00000000ff943890,0x00000000fff00000)
  to   space 7680K, 0% used [0x00000000ff000000,0x00000000ff000000,0x00000000ff780000)
 ParOldGen       total 41984K, used 16843K [0x00000000c2400000, 0x00000000c4d00000, 0x00000000eb680000)
  object space 41984K, 40% used [0x00000000c2400000,0x00000000c3472cf8,0x00000000c4d00000)
 PSPermGen       total 21504K, used 6713K [0x00000000bd200000, 0x00000000be700000, 0x00000000c2400000)
  object space 21504K, 31% used [0x00000000bd200000,0x00000000bd88e608,0x00000000be700000)
}
Event: 2.875 GC heap before
{Heap before GC invocations=13 (full 0):
 PSYoungGen      total 328704K, used 322830K [0x00000000eb680000, 0x00000000fff80000, 0x0000000100000000)
  eden space 321024K, 100% used [0x00000000eb680000,0x00000000ff000000,0x00000000ff000000)
  from space 7680K, 23% used [0x00000000ff780000,0x00000000ff943890,0x00000000fff00000)
  to   space 7680K, 0% used [0x00000000ff000000,0x00000000ff000000,0x00000000ff780000)
 ParOldGen       total 41984K, used 16843K [0x00000000c2400000, 0x00000000c4d00000, 0x00000000eb680000)
  object space 41984K, 40% used [0x00000000c2400000,0x00000000c3472cf8,0x00000000c4d00000)
 PSPermGen       total 21504K, used 7075K [0x00000000bd200000, 0x00000000be700000, 0x00000000c2400000)
  object space 21504K, 32% used [0x00000000bd200000,0x00000000bd8e8fa0,0x00000000be700000)
Event: 2.880 GC heap after
Heap after GC invocations=13 (full 0):
 PSYoungGen      total 328704K, used 7662K [0x00000000eb680000, 0x0000000100000000, 0x0000000100000000)
  eden space 321024K, 0% used [0x00000000eb680000,0x00000000eb680000,0x00000000ff000000)
  from space 7680K, 99% used [0x00000000ff000000,0x00000000ff77b890,0x00000000ff780000)
  to   space 8704K, 0% used [0x00000000ff780000,0x00000000ff780000,0x0000000100000000)
 ParOldGen       total 41984K, used 19835K [0x00000000c2400000, 0x00000000c4d00000, 0x00000000eb680000)
  object space 41984K, 47% used [0x00000000c2400000,0x00000000c375ecf8,0x00000000c4d00000)
 PSPermGen       total 21504K, used 7075K [0x00000000bd200000, 0x00000000be700000, 0x00000000c2400000)
  object space 21504K, 32% used [0x00000000bd200000,0x00000000bd8e8fa0,0x00000000be700000)
}
Event: 3.450 GC heap before
{Heap before GC invocations=14 (full 0):
 PSYoungGen      total 328704K, used 328686K [0x00000000eb680000, 0x0000000100000000, 0x0000000100000000)
  eden space 321024K, 100% used [0x00000000eb680000,0x00000000ff000000,0x00000000ff000000)
  from space 7680K, 99% used [0x00000000ff000000,0x00000000ff77b890,0x00000000ff780000)
  to   space 8704K, 0% used [0x00000000ff780000,0x00000000ff780000,0x0000000100000000)
 ParOldGen       total 41984K, used 19835K [0x00000000c2400000, 0x00000000c4d00000, 0x00000000eb680000)
  object space 41984K, 47% used [0x00000000c2400000,0x00000000c375ecf8,0x00000000c4d00000)
 PSPermGen       total 21504K, used 7104K [0x00000000bd200000, 0x00000000be700000, 0x00000000c2400000)
  object space 21504K, 33% used [0x00000000bd200000,0x00000000bd8f02a8,0x00000000be700000)
Event: 3.468 GC heap after
Heap after GC invocations=14 (full 0):
 PSYoungGen      total 326656K, used 2446K [0x00000000eb680000, 0x0000000100000000, 0x0000000100000000)
  eden space 317952K, 0% used [0x00000000eb680000,0x00000000eb680000,0x00000000fed00000)
  from space 8704K, 28% used [0x00000000ff780000,0x00000000ff9e3890,0x0000000100000000)
  to   space 9728K, 0% used [0x00000000fed00000,0x00000000fed00000,0x00000000ff680000)
 ParOldGen       total 41984K, used 27139K [0x00000000c2400000, 0x00000000c4d00000, 0x00000000eb680000)
  object space 41984K, 64% used [0x00000000c2400000,0x00000000c3e80d08,0x00000000c4d00000)
 PSPermGen       total 21504K, used 7104K [0x00000000bd200000, 0x00000000be700000, 0x00000000c2400000)
  object space 21504K, 33% used [0x00000000bd200000,0x00000000bd8f02a8,0x00000000be700000)
}
Event: 3.908 GC heap before
{Heap before GC invocations=15 (full 0):
 PSYoungGen      total 326656K, used 320398K [0x00000000eb680000, 0x0000000100000000, 0x0000000100000000)
  eden space 317952K, 100% used [0x00000000eb680000,0x00000000fed00000,0x00000000fed00000)
  from space 8704K, 28% used [0x00000000ff780000,0x00000000ff9e3890,0x0000000100000000)
  to   space 9728K, 0% used [0x00000000fed00000,0x00000000fed00000,0x00000000ff680000)
 ParOldGen       total 41984K, used 27139K [0x00000000c2400000, 0x00000000c4d00000, 0x00000000eb680000)
  object space 41984K, 64% used [0x00000000c2400000,0x00000000c3e80d08,0x00000000c4d00000)
 PSPermGen       total 21504K, used 7120K [0x00000000bd200000, 0x00000000be700000, 0x00000000c2400000)
  object space 21504K, 33% used [0x00000000bd200000,0x00000000bd8f4020,0x00000000be700000)
Event: 3.911 GC heap after
Heap after GC invocations=15 (full 0):
 PSYoungGen      total 327680K, used 2542K [0x00000000eb680000, 0x0000000100000000, 0x0000000100000000)
  eden space 317952K, 0% used [0x00000000eb680000,0x00000000eb680000,0x00000000fed00000)
  from space 9728K, 26% used [0x00000000fed00000,0x00000000fef7b890,0x00000000ff680000)
  to   space 9216K, 0% used [0x00000000ff700000,0x00000000ff700000,0x0000000100000000)
 ParOldGen       total 41984K, used 29123K [0x00000000c2400000, 0x00000000c4d00000, 0x00000000eb680000)
  object space 41984K, 69% used [0x00000000c2400000,0x00000000c4070d08,0x00000000c4d00000)
 PSPermGen       total 21504K, used 7120K [0x00000000bd200000, 0x00000000be700000, 0x00000000c2400000)
  object space 21504K, 33% used [0x00000000bd200000,0x00000000bd8f4020,0x00000000be700000)
}
Event: 4.339 GC heap before
{Heap before GC invocations=16 (full 0):
 PSYoungGen      total 327680K, used 320494K [0x00000000eb680000, 0x0000000100000000, 0x0000000100000000)
  eden space 317952K, 100% used [0x00000000eb680000,0x00000000fed00000,0x00000000fed00000)
  from space 9728K, 26% used [0x00000000fed00000,0x00000000fef7b890,0x00000000ff680000)
  to   space 9216K, 0% used [0x00000000ff700000,0x00000000ff700000,0x0000000100000000)
 ParOldGen       total 41984K, used 29123K [0x00000000c2400000, 0x00000000c4d00000, 0x00000000eb680000)
  object space 41984K, 69% used [0x00000000c2400000,0x00000000c4070d08,0x00000000c4d00000)
 PSPermGen       total 21504K, used 7120K [0x00000000bd200000, 0x00000000be700000, 0x00000000c2400000)
  object space 21504K, 33% used [0x00000000bd200000,0x00000000bd8f4100,0x00000000be700000)
Event: 4.343 GC heap after
Heap after GC invocations=16 (full 0):
 PSYoungGen      total 327168K, used 2926K [0x00000000eb680000, 0x00000000fff80000, 0x0000000100000000)
  eden space 318464K, 0% used [0x00000000eb680000,0x00000000eb680000,0x00000000fed80000)
  from space 8704K, 33% used [0x00000000ff700000,0x00000000ff9db890,0x00000000fff80000)
  to   space 9216K, 0% used [0x00000000fed80000,0x00000000fed80000,0x00000000ff680000)
 ParOldGen       total 41984K, used 31131K [0x00000000c2400000, 0x00000000c4d00000, 0x00000000eb680000)
  object space 41984K, 74% used [0x00000000c2400000,0x00000000c4266d08,0x00000000c4d00000)
 PSPermGen       total 21504K, used 7120K [0x00000000bd200000, 0x00000000be700000, 0x00000000c2400000)
  object space 21504K, 33% used [0x00000000bd200000,0x00000000bd8f4100,0x00000000be700000)
}

